2026-04-20 19:53:12, MOVE, v:1, k:ed@vetbuild, mode:PICK
2026-04-20 20:01:20, EXEC, v:1, k:ed@vetbuild, mode:FULL, size:130, fail:COMP
2026-04-20 20:06:00, MOVE, v:1, k:ed@vetequals, mode:EDIT
2026-04-20 20:16:20, MOVE, v:1, k:ed@vetequals, mode:EDIT
2026-04-20 20:21:01, MOVE, v:1, k:ed@vetequals, mode:EDIT
2026-04-20 20:26:50, MOVE, v:1, k:ed@vetequals, mode:EDIT
2026-04-20 20:29:22, EXEC, v:1, k:ed@vetbuild, mode:FULL, fail:COMP
2026-04-20 20:29:32, EXEC, v:1, k:ed@vetbuild, mode:FULL, fail:COMP
2026-04-20 20:30:09, EXEC, v:1, k:ed@vetbuild, mode:FULL, fail:COMP
2026-04-20 20:30:08, MOVE, v:1, k:ed@vetequals, mode:EDIT
2026-04-20 20:38:20, EXEC, v:1, k:ed@vetbuild, mode:FULL, fail:COMP
2026-04-20 20:41:53, MOVE, v:1, k:ed@vetbuild, mode:BACK
2026-04-20 20:42:12, MOVE, v:1, k:ed@vetequals, mode:EDIT
2026-04-20 20:42:46, MOVE, v:1, k:ed@vetbuild, mode:PICK
2026-04-20 20:43:06, EXEC, v:1, k:ed@vetbuild, mode:FULL, fail:COMP
2026-04-20 20:43:22, EXEC, v:1, k:ed@vetbuild, mode:FULL, rate:0, size:131
2026-04-20 20:47:15, MOVE, v:1, k:ed@vetbuild, mode:EDIT
2026-04-20 20:51:28, EXEC, v:1, k:ed@vetbuild, mode:FULL, rate:0, size:134
2026-04-20 20:51:26, MOVE, v:1, k:ed@vetbuild, mode:EDIT
2026-04-20 20:53:06, EXEC, v:1, k:ed@vetbuild, mode:FULL, rate:0, size:134
2026-04-20 20:54:25, EXEC, v:1, k:ed@vetbuild, mode:FULL, rate:0, size:134
2026-04-20 20:55:04, EXEC, v:1, k:ed@vetbuild, mode:FULL, size:135, fail:COMP
2026-04-20 20:57:06, EXEC, v:1, k:ed@vetbuild, mode:FULL, size:135, fail:COMP
2026-04-20 20:57:17, MOVE, v:1, k:ed@vetbuild, mode:EDIT
2026-04-20 20:58:12, EXEC, v:1, k:ed@vetbuild, mode:FULL, size:135, fail:COMP
2026-04-20 21:01:38, EXEC, v:1, k:ed@vetbuild, mode:FULL, rate:0, size:135
2026-04-20 21:02:20, MOVE, v:1, k:ed@vetbuild, mode:EDIT
2026-04-20 21:02:22, EXEC, v:1, k:ed@vetbuild, mode:FULL, rate:0, size:135
2026-04-20 21:10:15, EXEC, v:1, k:ed@vetbuild, mode:FULL, rate:18, size:139
2026-04-20 21:11:23, MOVE, v:1, k:ed@vetbuild, mode:BACK
