2026-04-05 16:08:09, MOVE, v:1, k:ed@eh_primo, mode:PICK
2026-04-05 16:08:39, EXEC, v:1, k:ed@eh_primo, mode:FULL, rate:55, size:27
2026-04-05 16:08:41, MOVE, v:1, k:ed@eh_primo, mode:BACK
2026-04-05 16:08:46, MOVE, v:1, k:ed@eh_primo, mode:PICK
2026-04-05 16:08:53, EXEC, v:1, k:ed@eh_primo, mode:FULL, rate:55
2026-04-05 16:11:20, EXEC, v:1, k:ed@eh_primo, mode:FULL, rate:11, size:27
2026-04-05 16:13:28, EXEC, v:1, k:ed@eh_primo, mode:FULL, rate:55, size:27
2026-04-05 16:13:34, MOVE, v:1, k:ed@eh_primo, mode:BACK
2026-04-05 16:13:40, MOVE, v:1, k:ed@eh_primo, mode:PICK
2026-04-05 16:13:48, EXEC, v:1, k:ed@eh_primo, mode:FULL, rate:55
2026-04-05 16:17:11, MOVE, v:1, k:ed@eh_primo, mode:BACK
2026-04-05 16:17:20, MOVE, v:1, k:ed@eh_primo, mode:PICK
2026-04-05 16:18:09, EXEC, v:1, k:ed@eh_primo, mode:FULL, rate:55, size:27
2026-04-05 16:19:30, EXEC, v:1, k:ed@eh_primo, mode:FULL, rate:55, size:27
2026-04-05 16:20:03, EXEC, v:1, k:ed@eh_primo, mode:FULL, rate:55, size:27
2026-04-05 16:22:42, EXEC, v:1, k:ed@eh_primo, mode:FULL, rate:55, size:27
2026-04-05 16:23:39, MOVE, v:1, k:ed@eh_primo, mode:BACK
2026-04-05 16:23:47, MOVE, v:1, k:ed@eh_primo, mode:PICK
2026-04-05 16:25:03, EXEC, v:1, k:ed@eh_primo, mode:FULL, rate:55, size:27
2026-04-05 16:27:36, EXEC, v:1, k:ed@eh_primo, mode:FULL, rate:55, size:27
2026-04-05 16:28:15, EXEC, v:1, k:ed@eh_primo, mode:FULL, rate:55, size:30
2026-04-05 16:28:28, EXEC, v:1, k:ed@eh_primo, mode:FULL, rate:66, size:30
2026-04-05 16:32:12, EXEC, v:1, k:ed@eh_primo, mode:FULL, rate:100, size:31
2026-04-05 16:32:14, MOVE, v:1, k:ed@eh_primo, mode:BACK
2026-04-05 16:32:54, SELF, v:1, k:ed@eh_primo, self:1, rate:100, study:35, concept:1, code:1
2026-04-05 16:33:54, MOVE, v:1, k:ed@queimada, mode:DOWN
2026-04-05 16:33:55, MOVE, v:1, k:ed@queimada, mode:PICK
2026-04-05 16:40:21, MOVE, v:1, k:ed@queimada, mode:BACK
2026-04-05 16:40:23, MOVE, v:1, k:ed@queimada, mode:PICK
2026-04-05 16:40:24, EXEC, v:1, k:ed@queimada, mode:FULL, size:38, fail:COMP
2026-04-05 16:40:25, MOVE, v:1, k:ed@queimada, mode:BACK
2026-04-05 16:40:31, MOVE, v:1, k:ed@queimada, mode:PICK
2026-04-05 16:46:15, SELF, v:1, k:ed@eh_primo, self:1, rate:100, study:40, concept:1, code:1
2026-04-05 16:46:22, MOVE, v:1, k:ed@queimada, mode:PICK
2026-04-05 16:46:29, EXEC, v:1, k:ed@queimada, mode:FULL, rate:14, size:41
2026-04-05 16:55:00, EXEC, v:1, k:ed@queimada, mode:FULL, rate:14, size:50
2026-04-05 17:08:36, EXEC, v:1, k:ed@queimada, mode:FULL, rate:0, size:56
2026-04-05 17:10:32, EXEC, v:1, k:ed@queimada, mode:FULL, rate:0, size:58
2026-04-05 17:12:42, EXEC, v:1, k:ed@queimada, mode:FULL, rate:0, size:58
2026-04-05 17:15:47, EXEC, v:1, k:ed@queimada, mode:FULL, rate:0, size:58
2026-04-05 17:16:25, EXEC, v:1, k:ed@queimada, mode:FULL, rate:0, size:58
2026-04-05 17:18:04, EXEC, v:1, k:ed@queimada, mode:FULL, rate:0, size:58
2026-04-05 17:19:09, EXEC, v:1, k:ed@queimada, mode:FULL, rate:14, size:58
2026-04-05 17:19:53, EXEC, v:1, k:ed@queimada, mode:FULL, rate:14, size:59
2026-04-05 17:20:07, EXEC, v:1, k:ed@queimada, mode:FULL, rate:14, size:59
2026-04-05 17:22:18, EXEC, v:1, k:ed@queimada, mode:FULL, rate:0, size:59
2026-04-05 17:22:52, EXEC, v:1, k:ed@queimada, mode:FULL, rate:0, size:59
2026-04-05 17:25:10, EXEC, v:1, k:ed@queimada, mode:FULL, rate:100, size:56
2026-04-05 17:25:27, MOVE, v:1, k:ed@queimada, mode:BACK
2026-04-05 17:25:33, MOVE, v:1, k:ed@queimada, mode:PICK
2026-04-05 17:25:34, MOVE, v:1, k:ed@queimada, mode:BACK
2026-04-05 17:25:52, SELF, v:1, k:ed@queimada, self:1, rate:100, study:45, concept:1, refactor:1
2026-04-05 17:27:20, MOVE, v:1, k:ed@queimada, mode:PICK
2026-04-05 17:29:06, MOVE, v:1, k:ed@queimada, mode:BACK
2026-04-05 17:29:34, MOVE, v:1, k:ed@labirinto, mode:DOWN
2026-04-05 17:29:35, MOVE, v:1, k:ed@labirinto, mode:PICK
