2026-04-02 18:42:34, MOVE, v:1, k:ed@treinando, mode:PICK
2026-04-02 18:42:49, EXEC, v:1, k:ed@treinando, mode:FULL, size:132, fail:COMP
2026-04-02 18:45:00, EXEC, v:1, k:ed@treinando, mode:FULL, rate:66, size:132
2026-04-02 18:45:51, EXEC, v:1, k:ed@treinando, mode:FULL, rate:83, size:134
2026-04-02 18:46:32, EXEC, v:1, k:ed@treinando, mode:FULL, rate:100, size:136
2026-04-02 18:46:34, MOVE, v:1, k:ed@treinando, mode:BACK
2026-04-02 18:47:21, SELF, v:1, k:ed@treinando, self:1, rate:100, study:140, friend:Matheus, code:1, debug:1
2026-04-02 18:49:35, SELF, v:1, k:ed@triangulo, self:1, rate:100, study:45, concept:1, code:1
2026-04-02 18:58:32, MOVE, v:1, k:ed@resto, mode:DOWN
2026-04-02 18:58:24, MOVE, v:1, k:ed@resto, mode:PICK
2026-04-02 19:11:43, MOVE, v:1, k:ed@resto, mode:BACK
2026-04-02 19:11:49, MOVE, v:1, k:ed@resto, mode:PICK
2026-04-02 19:11:52, EXEC, v:1, k:ed@resto, mode:FULL, rate:0, size:24
2026-04-02 19:11:54, MOVE, v:1, k:ed@resto, mode:BACK
2026-04-02 19:11:57, MOVE, v:1, k:ed@resto, mode:PICK
2026-04-02 19:12:25, EXEC, v:1, k:ed@resto, mode:FULL, rate:0, size:24
2026-04-02 19:12:36, EXEC, v:1, k:ed@resto, mode:FULL, rate:0, size:24
2026-04-02 19:13:09, EXEC, v:1, k:ed@resto, mode:FULL, rate:0, size:24
2026-04-02 19:22:55, EXEC, v:1, k:ed@resto, mode:FULL, rate:0
2026-04-02 19:22:56, MOVE, v:1, k:ed@resto, mode:BACK
2026-04-02 19:22:59, MOVE, v:1, k:ed@resto, mode:PICK
2026-04-02 19:23:00, MOVE, v:1, k:ed@resto, mode:BACK
2026-04-02 19:28:24, MOVE, v:1, k:ed@resto, mode:PICK
2026-04-02 19:28:26, EXEC, v:1, k:ed@resto, mode:FULL, rate:0
2026-04-02 19:45:17, EXEC, v:1, k:ed@resto, mode:FULL, rate:0
2026-04-02 19:47:35, EXEC, v:1, k:ed@resto, mode:FULL, rate:100, size:24
2026-04-02 19:47:48, MOVE, v:1, k:ed@resto, mode:BACK
2026-04-02 19:48:18, SELF, v:1, k:ed@resto, self:1, rate:100, study:49, guided:1, concept:1, refactor:1
2026-04-02 19:48:32, SELF, v:1, k:ed@treinando, self:1, rate:100, study:140, friend:Matheus, code:1, debug:1
2026-04-02 19:48:38, SELF, v:1, k:ed@treinando, self:1, rate:100, study:140, friend:Matheus, code:1, debug:1
2026-04-02 19:48:47, SELF, v:1, k:ed@triangulo, self:1, rate:100, study:45, concept:1, code:1
2026-04-02 19:49:02, SELF, v:1, k:ed@triangulo, self:1, rate:100, study:45, concept:1, code:1
