2026-03-31 09:23:00, MOVE, v:1, k:ed@triangulo, mode:DOWN
2026-03-31 09:23:04, MOVE, v:1, k:ed@triangulo, mode:PICK
2026-03-31 09:35:44, EXEC, v:1, k:ed@triangulo, mode:FULL, size:62, fail:COMP
2026-03-31 09:38:38, MOVE, v:1, k:ed@triangulo, mode:BACK
2026-03-31 09:38:41, MOVE, v:1, k:ed@triangulo, mode:PICK
2026-03-31 09:38:44, EXEC, v:1, k:ed@triangulo, mode:FULL, rate:0, size:64
2026-03-31 09:39:02, EXEC, v:1, k:ed@triangulo, mode:FULL, rate:0, size:64
2026-03-31 09:39:29, EXEC, v:1, k:ed@triangulo, mode:FULL, rate:0, size:65
2026-03-31 09:41:03, EXEC, v:1, k:ed@triangulo, mode:FULL, rate:0, size:65
2026-03-31 09:44:42, EXEC, v:1, k:ed@triangulo, mode:FULL, rate:0, size:65
2026-03-31 09:45:14, EXEC, v:1, k:ed@triangulo, mode:FULL, rate:0, size:66
2026-03-31 09:46:53, EXEC, v:1, k:ed@triangulo, mode:FULL, rate:0, size:70
2026-03-31 09:47:20, EXEC, v:1, k:ed@triangulo, mode:FULL, rate:0, size:70
2026-03-31 09:49:54, EXEC, v:1, k:ed@triangulo, mode:FULL, rate:0, size:70
2026-03-31 09:51:05, EXEC, v:1, k:ed@triangulo, mode:FULL, rate:100, size:70
2026-03-31 09:51:15, EXEC, v:1, k:ed@triangulo, mode:FREE
2026-03-31 09:51:29, MOVE, v:1, k:ed@triangulo, mode:BACK
2026-03-31 09:53:23, SELF, v:1, k:ed@triangulo, self:1, rate:100, study:28, concept:1, debug:1
2026-03-31 15:17:17, MOVE, v:1, k:ed@apagando, mode:PICK
2026-03-31 15:20:26, EXEC, v:1, k:ed@apagando, mode:FREE
2026-03-31 15:20:31, MOVE, v:1, k:ed@apagando, mode:BACK
2026-03-31 15:20:33, MOVE, v:1, k:ed@apagando, mode:PICK
2026-03-31 15:20:35, EXEC, v:1, k:ed@apagando, mode:FULL, rate:100
2026-03-31 15:20:36, MOVE, v:1, k:ed@apagando, mode:BACK
2026-03-31 15:59:56, MOVE, v:1, k:ed@treinando, mode:DOWN
2026-03-31 16:00:06, MOVE, v:1, k:ed@treinando, mode:PICK
2026-03-31 16:10:51, EXEC, v:1, k:ed@treinando, mode:FULL, rate:0, size:87
2026-03-31 16:11:57, EXEC, v:1, k:ed@treinando, mode:FULL, rate:0, size:87
2026-03-31 16:14:23, EXEC, v:1, k:ed@treinando, mode:FULL, size:88, fail:COMP
2026-03-31 16:15:04, EXEC, v:1, k:ed@treinando, mode:FULL, rate:0, size:88
2026-03-31 16:16:57, EXEC, v:1, k:ed@treinando, mode:FULL, rate:0, size:92
2026-03-31 16:17:21, EXEC, v:1, k:ed@treinando, mode:FULL, rate:0, size:92
2026-03-31 16:20:38, EXEC, v:1, k:ed@treinando, mode:FULL, rate:16, size:92
2026-03-31 16:27:35, EXEC, v:1, k:ed@treinando, mode:FULL, rate:16, size:105
2026-03-31 16:29:47, EXEC, v:1, k:ed@treinando, mode:FULL, rate:16, size:106
2026-03-31 16:30:32, EXEC, v:1, k:ed@treinando, mode:FULL, rate:16, size:106
2026-03-31 16:30:54, EXEC, v:1, k:ed@treinando, mode:FREE
2026-03-31 16:31:04, MOVE, v:1, k:ed@treinando, mode:BACK
2026-03-31 16:31:18, MOVE, v:1, k:ed@treinando, mode:PICK
2026-03-31 16:31:13, MOVE, v:1, k:ed@treinando, mode:BACK
2026-03-31 16:31:27, MOVE, v:1, k:ed@treinando, mode:PICK
2026-03-31 16:31:30, MOVE, v:1, k:ed@treinando, mode:BACK
2026-03-31 16:55:21, MOVE, v:1, k:ed@treinando, mode:PICK
2026-03-31 16:55:26, EXEC, v:1, k:ed@treinando, mode:FULL, rate:16
2026-03-31 16:55:27, MOVE, v:1, k:ed@treinando, mode:BACK
