2026-03-18 10:53:49, MOVE, v:1, k:ed@pedra, mode:PICK
2026-03-18 11:01:01, EXEC, v:1, k:ed@pedra, mode:FULL, size:25, fail:COMP
2026-03-18 11:01:42, EXEC, v:1, k:ed@pedra, mode:FULL, rate:0, size:25
2026-03-18 11:04:05, EXEC, v:1, k:ed@pedra, mode:FULL, size:26, fail:COMP
2026-03-18 11:07:12, EXEC, v:1, k:ed@pedra, mode:FULL, size:33, fail:COMP
2026-03-18 11:11:26, MOVE, v:1, k:ed@pedra, mode:BACK
2026-03-18 11:11:29, MOVE, v:1, k:ed@pedra, mode:PICK
2026-03-18 11:12:30, EXEC, v:1, k:ed@pedra, mode:FULL, rate:33, size:33
2026-03-18 11:12:52, EXEC, v:1, k:ed@pedra, mode:FULL, rate:58, size:33
2026-03-18 11:14:08, EXEC, v:1, k:ed@pedra, mode:FULL, rate:58, size:34
2026-03-18 11:15:19, EXEC, v:1, k:ed@pedra, mode:FULL, rate:58, size:34
2026-03-18 11:17:03, EXEC, v:1, k:ed@pedra, mode:FULL, rate:100, size:34
2026-03-18 11:17:05, MOVE, v:1, k:ed@pedra, mode:BACK
2026-03-18 11:17:41, SELF, v:1, k:ed@pedra, self:1, rate:100, study:25, refactor:1
2026-03-18 12:32:47, MOVE, v:1, k:ed@fuga, mode:PICK
2026-03-18 12:33:44, MOVE, v:1, k:ed@fuga, mode:BACK
2026-03-18 12:33:51, MOVE, v:1, k:ed@fuga, mode:PICK
2026-03-18 12:36:14, MOVE, v:1, k:ed@fuga, mode:BACK
2026-03-18 12:36:22, MOVE, v:1, k:ed@fuga, mode:PICK
2026-03-18 12:36:37, EXEC, v:1, k:ed@fuga, mode:FULL, rate:0, size:19
2026-03-18 12:37:01, EXEC, v:1, k:ed@fuga, mode:FULL, rate:0
2026-03-18 12:37:07, EXEC, v:1, k:ed@fuga, mode:FULL, rate:0
2026-03-18 12:41:20, EXEC, v:1, k:ed@fuga, mode:FULL, rate:100, size:21
2026-03-18 12:41:22, MOVE, v:1, k:ed@fuga, mode:BACK
2026-03-18 12:41:56, SELF, v:1, k:ed@fuga, self:1, rate:100, study:17, concept:1
2026-03-18 12:42:07, SELF, v:1, k:ed@fuga, self:1, rate:100, study:17, concept:1, code:1
2026-03-18 12:42:30, SELF, v:1, k:ed@fuga, self:1, rate:100, study:17, concept:1
2026-03-18 12:42:43, MOVE, v:1, k:ed@casais, mode:DOWN
2026-03-18 12:43:37, MOVE, v:1, k:ed@casais, mode:PICK
2026-03-18 12:50:23, EXEC, v:1, k:ed@casais, mode:FULL, size:17, fail:COMP
2026-03-18 12:50:29, EXEC, v:1, k:ed@casais, mode:FULL, rate:0, size:17
2026-03-18 12:51:59, EXEC, v:1, k:ed@casais, mode:FULL, rate:0, size:19
2026-03-18 12:52:18, EXEC, v:1, k:ed@casais, mode:FULL, rate:0, size:20
2026-03-18 13:03:43, MOVE, v:1, k:ed@casais, mode:BACK
2026-03-18 13:04:03, MOVE, v:1, k:ed@casais, mode:PICK
2026-03-18 13:07:23, MOVE, v:1, k:ed@casais, mode:BACK
2026-03-18 13:07:40, MOVE, v:1, k:ed@casais, mode:PICK
2026-03-18 13:08:53, MOVE, v:1, k:ed@casais, mode:BACK
2026-03-18 13:09:39, MOVE, v:1, k:ed@casais, mode:PICK
2026-03-18 13:09:46, EXEC, v:1, k:ed@casais, mode:FULL, rate:100, size:24
2026-03-18 13:10:22, SELF, v:1, k:ed@casais, self:1, rate:100, study:26, code:1
2026-03-18 13:10:23, MOVE, v:1, k:ed@casais, mode:BACK
2026-03-18 13:10:38, SELF, v:1, k:ed@casais, self:1, rate:100, study:26, refactor:1
