2026-04-10 12:51:41, SELF, v:1, k:ed@triangulo, self:1, study:35, concept:1, code:1
2026-04-10 12:51:49, MOVE, v:1, k:ed@enesimo, mode:DOWN
2026-04-10 12:51:50, MOVE, v:1, k:ed@enesimo, mode:PICK
2026-04-10 12:51:49, MOVE, v:1, k:ed@enesimo, mode:EDIT
2026-04-10 12:52:51, MOVE, v:1, k:ed@enesimo, mode:EDIT
2026-04-10 13:01:19, MOVE, v:1, k:ed@enesimo, mode:EDIT
2026-04-10 13:01:31, EXEC, v:1, k:ed@enesimo, mode:FULL, rate:0, size:36
2026-04-10 13:02:07, EXEC, v:1, k:ed@enesimo, mode:FULL, rate:0, size:37
2026-04-10 13:02:37, EXEC, v:1, k:ed@enesimo, mode:FULL, rate:0, size:37
2026-04-10 13:05:57, MOVE, v:1, k:ed@enesimo, mode:EDIT
2026-04-10 13:07:52, MOVE, v:1, k:ed@enesimo, mode:BACK
2026-04-10 13:07:54, MOVE, v:1, k:ed@enesimo, mode:PICK
2026-04-10 13:07:56, MOVE, v:1, k:ed@enesimo, mode:BACK
2026-04-10 13:07:57, MOVE, v:1, k:ed@enesimo, mode:PICK
2026-04-10 13:10:05, MOVE, v:1, k:ed@enesimo, mode:BACK
2026-04-10 13:10:15, MOVE, v:1, k:ed@enesimo, mode:PICK
2026-04-10 13:10:17, EXEC, v:1, k:ed@enesimo, mode:FULL, size:38, fail:COMP
2026-04-10 13:15:23, MOVE, v:1, k:ed@enesimo, mode:BACK
2026-04-10 13:15:25, MOVE, v:1, k:ed@enesimo, mode:PICK
2026-04-10 13:19:44, MOVE, v:1, k:ed@enesimo, mode:EDIT
2026-04-10 13:22:36, EXEC, v:1, k:ed@enesimo, mode:FULL, size:40, fail:COMP
2026-04-10 13:24:16, MOVE, v:1, k:ed@enesimo, mode:BACK
2026-04-10 13:24:20, MOVE, v:1, k:ed@enesimo, mode:PICK
2026-04-10 13:23:57, MOVE, v:1, k:ed@enesimo, mode:EDIT
2026-04-10 20:38:17, MOVE, v:1, k:ed@enesimo, mode:PICK
2026-04-10 20:46:47, MOVE, v:1, k:ed@enesimo, mode:EDIT
2026-04-10 20:56:10, MOVE, v:1, k:ed@enesimo, mode:EDIT
2026-04-10 21:01:25, MOVE, v:1, k:ed@enesimo, mode:EDIT
2026-04-10 21:01:37, MOVE, v:1, k:ed@enesimo, mode:BACK
2026-04-10 21:01:45, MOVE, v:1, k:ed@enesimo, mode:PICK
2026-04-10 21:01:49, EXEC, v:1, k:ed@enesimo, mode:FULL, rate:0, size:40
2026-04-10 21:03:51, EXEC, v:1, k:ed@enesimo, mode:FULL, rate:0, size:37
2026-04-10 21:04:11, MOVE, v:1, k:ed@enesimo, mode:BACK
2026-04-10 21:04:13, MOVE, v:1, k:ed@enesimo, mode:PICK
2026-04-10 21:04:17, EXEC, v:1, k:ed@enesimo, mode:FULL, rate:100, size:37
2026-04-10 21:04:47, SELF, v:1, k:ed@enesimo, self:1, rate:100, study:60, concept:1, problem:1, code:1
2026-04-10 21:04:47, EXEC, v:1, k:ed@enesimo, mode:FULL, rate:100
2026-04-10 21:04:48, MOVE, v:1, k:ed@enesimo, mode:BACK
2026-04-10 21:04:10, MOVE, v:1, k:ed@enesimo, mode:EDIT
2026-04-10 21:07:20, MOVE, v:1, k:ed@escada, mode:DOWN
2026-04-10 21:07:21, MOVE, v:1, k:ed@escada, mode:PICK
2026-04-10 21:07:20, MOVE, v:1, k:ed@escada, mode:EDIT
2026-04-10 21:07:20, MOVE, v:1, k:ed@escada, mode:EDIT
2026-04-10 21:07:20, MOVE, v:1, k:ed@escada, mode:EDIT
2026-04-10 21:15:22, EXEC, v:1, k:ed@escada, mode:FULL, rate:0, size:14
2026-04-10 21:15:18, MOVE, v:1, k:ed@escada, mode:EDIT
2026-04-10 21:18:47, EXEC, v:1, k:ed@escada, mode:FULL, rate:0, size:18
2026-04-10 21:19:47, EXEC, v:1, k:ed@escada, mode:FULL, rate:0, size:21
2026-04-10 21:20:40, EXEC, v:1, k:ed@escada, mode:FULL, rate:6, size:20
2026-04-10 21:20:35, MOVE, v:1, k:ed@escada, mode:EDIT
2026-04-10 21:23:25, MOVE, v:1, k:ed@escada, mode:PICK
2026-04-10 21:23:27, EXEC, v:1, k:ed@escada, mode:FULL, rate:10, size:21
2026-04-10 21:27:32, MOVE, v:1, k:ed@escada, mode:EDIT
2026-04-10 21:27:53, EXEC, v:1, k:ed@escada, mode:FULL, rate:3, size:25
2026-04-10 21:28:38, EXEC, v:1, k:ed@escada, mode:FULL, rate:6, size:25
2026-04-10 21:28:59, MOVE, v:1, k:ed@escada, mode:EDIT
2026-04-10 21:33:37, EXEC, v:1, k:ed@escada, mode:FULL, rate:10, size:25
2026-04-10 21:34:19, EXEC, v:1, k:ed@escada, mode:FULL, rate:10, size:25
2026-04-10 21:35:02, EXEC, v:1, k:ed@escada, mode:FULL, rate:10, size:25
2026-04-10 21:35:07, MOVE, v:1, k:ed@escada, mode:EDIT
2026-04-10 21:38:28, EXEC, v:1, k:ed@escada, mode:FULL, rate:100, size:25
2026-04-10 21:38:40, MOVE, v:1, k:ed@escada, mode:BACK
2026-04-10 21:39:06, SELF, v:1, k:ed@escada, self:1, rate:100, study:34, debug:1
2026-04-10 21:41:15, MOVE, v:1, k:ed@escada, mode:PICK
2026-04-10 21:41:25, EXEC, v:1, k:ed@escada, mode:FULL, rate:100
2026-04-10 21:42:28, MOVE, v:1, k:ed@escada, mode:BACK
2026-04-10 21:38:22, MOVE, v:1, k:ed@escada, mode:EDIT
2026-04-10 21:43:50, SELF, v:1, k:ed@enesimo, self:1, rate:100, study:120, concept:1, code:1
2026-04-10 21:44:03, SELF, v:1, k:ed@enesimo, self:1, rate:100, study:120, concept:1, problem:1, code:1
2026-04-10 22:06:07, MOVE, v:1, k:ed@binomiais, mode:DOWN
2026-04-10 22:06:08, MOVE, v:1, k:ed@binomiais, mode:PICK
2026-04-10 22:06:07, MOVE, v:1, k:ed@binomiais, mode:EDIT
2026-04-10 22:06:07, MOVE, v:1, k:ed@binomiais, mode:EDIT
2026-04-10 22:09:20, MOVE, v:1, k:ed@binomiais, mode:EDIT
2026-04-10 22:14:00, EXEC, v:1, k:ed@binomiais, mode:FULL, size:23, fail:COMP
2026-04-10 22:13:59, MOVE, v:1, k:ed@binomiais, mode:EDIT
2026-04-10 22:14:58, EXEC, v:1, k:ed@binomiais, mode:FULL, rate:0, size:24
2026-04-10 22:15:34, EXEC, v:1, k:ed@binomiais, mode:FULL, rate:100, size:24
2026-04-10 22:15:42, MOVE, v:1, k:ed@binomiais, mode:BACK
2026-04-10 22:15:58, SELF, v:1, k:ed@binomiais, self:1, rate:100, study:20
2026-04-10 22:16:35, SELF, v:1, k:ed@binomiais, self:1, rate:100, study:21
2026-04-10 22:16:38, MOVE, v:1, k:ed@binomiais, mode:PICK
2026-04-10 22:18:58, EXEC, v:1, k:ed@binomiais, mode:FULL, rate:100
2026-04-10 22:18:58, MOVE, v:1, k:ed@binomiais, mode:BACK
2026-04-10 22:19:04, SELF, v:1, k:ed@binomiais, self:1, rate:100, study:21
2026-04-10 22:20:43, SELF, v:1, k:ed@princesa, self:1, study:120, concept:1
