2026-04-06 12:12:02, MOVE, v:1, k:ed@labirinto, mode:PICK
2026-04-06 12:23:26, EXEC, v:1, k:ed@labirinto, mode:FULL, size:60, fail:COMP
2026-04-06 12:35:19, EXEC, v:1, k:ed@labirinto, mode:FULL, rate:0, size:61
2026-04-06 12:36:20, EXEC, v:1, k:ed@labirinto, mode:FULL, rate:0, size:60
2026-04-06 12:39:53, EXEC, v:1, k:ed@labirinto, mode:FULL, size:66, fail:COMP
2026-04-06 12:40:00, MOVE, v:1, k:ed@labirinto, mode:PICK
2026-04-06 12:41:04, EXEC, v:1, k:ed@labirinto, mode:FULL, size:66, fail:COMP
2026-04-06 12:51:30, EXEC, v:1, k:ed@labirinto, mode:FULL, rate:0, size:69
2026-04-06 12:53:04, EXEC, v:1, k:ed@labirinto, mode:FULL, rate:0, size:73
2026-04-06 12:54:25, EXEC, v:1, k:ed@labirinto, mode:FULL, rate:0, size:73
2026-04-06 13:00:40, EXEC, v:1, k:ed@labirinto, mode:FULL, rate:0, size:76
2026-04-06 13:01:06, EXEC, v:1, k:ed@labirinto, mode:FULL, rate:100, size:76
2026-04-06 13:04:18, MOVE, v:1, k:ed@labirinto, mode:BACK
2026-04-06 13:06:32, SELF, v:1, k:ed@labirinto, self:1, rate:100, study:49, concept:1, refactor:1
2026-04-06 15:52:28, MOVE, v:1, k:ed@fractais_png, mode:DOWN
2026-04-06 15:52:30, MOVE, v:1, k:ed@fractais_png, mode:DOWN
2026-04-06 15:52:33, MOVE, v:1, k:ed@fractais_png, mode:DOWN
2026-04-06 15:52:35, MOVE, v:1, k:ed@fractais_png, mode:DOWN
2026-04-06 15:54:12, MOVE, v:1, k:ed@fractais_png, mode:DOWN
2026-04-06 16:00:58, EXEC, v:1, k:src@go, mode:FREE, size:136
2026-04-06 16:24:40, EXEC, v:1, k:src@go, mode:FREE
