2026-04-28 15:23:53, SELF, v:1, k:ed@princesa, self:1, concept:1, code:1
2026-04-28 15:24:09, SELF, v:1, k:ed@triangulo, self:1, concept:1, code:1
2026-04-28 15:24:31, MOVE, v:1, k:ed@setbuild, mode:PICK
2026-04-28 15:26:19, MOVE, v:1, k:ed@setbuild, mode:EDIT
2026-04-28 15:33:12, MOVE, v:1, k:ed@setbuild, mode:EDIT
2026-04-28 15:33:52, EXEC, v:1, k:ed@setbuild, mode:FULL, size:70, fail:COMP
2026-04-28 15:34:10, EXEC, v:1, k:ed@setbuild, mode:FULL, rate:0, size:70
2026-04-28 15:34:09, MOVE, v:1, k:ed@setbuild, mode:EDIT
2026-04-28 15:43:07, MOVE, v:1, k:ed@setbuild, mode:EDIT
2026-04-28 15:45:25, EXEC, v:1, k:ed@setbuild, mode:FULL, rate:0, size:81
2026-04-28 15:46:24, MOVE, v:1, k:ed@setbuild, mode:EDIT
2026-04-28 15:50:01, MOVE, v:1, k:ed@setbuild, mode:BACK
2026-04-28 15:50:42, SELF, v:1, k:ed@vetbuild, self:1, rate:100, study:200, concept:1, code:1
2026-04-28 15:48:30, MOVE, v:1, k:ed@setbuild, mode:EDIT
2026-04-28 16:02:53, MOVE, v:1, k:ed@setbuild, mode:PICK
2026-04-28 16:02:55, EXEC, v:1, k:ed@setbuild, mode:FULL, size:86, fail:COMP
2026-04-28 16:03:06, MOVE, v:1, k:ed@setbuild, mode:EDIT
2026-04-28 16:08:05, MOVE, v:1, k:ed@setbuild, mode:EDIT
2026-04-28 16:13:11, EXEC, v:1, k:ed@setbuild, mode:FULL, rate:0, size:105
2026-04-28 16:13:03, MOVE, v:1, k:ed@setbuild, mode:EDIT
2026-04-28 16:14:45, EXEC, v:1, k:ed@setbuild, mode:FULL, rate:0, size:106
2026-04-28 16:18:16, MOVE, v:1, k:ed@setbuild, mode:EDIT
2026-04-28 16:20:23, EXEC, v:1, k:ed@setbuild, mode:FULL, rate:0, size:124
2026-04-28 16:23:05, EXEC, v:1, k:ed@setbuild, mode:FULL, rate:0, size:128
2026-04-28 16:22:58, MOVE, v:1, k:ed@setbuild, mode:EDIT
2026-04-28 16:23:35, EXEC, v:1, k:ed@setbuild, mode:FULL, rate:0, size:128
2026-04-28 16:23:55, EXEC, v:1, k:ed@setbuild, mode:FULL, rate:0, size:128
2026-04-28 16:25:14, EXEC, v:1, k:ed@setbuild, mode:FULL, rate:0, size:131
2026-04-28 16:26:23, MOVE, v:1, k:ed@setbuild, mode:EDIT
2026-04-28 16:29:45, EXEC, v:1, k:ed@setbuild, mode:FULL, rate:33, size:131
2026-04-28 16:32:30, MOVE, v:1, k:ed@setbuild, mode:EDIT
2026-04-28 16:37:27, MOVE, v:1, k:ed@setbuild, mode:BACK
2026-04-28 21:25:17, MOVE, v:1, k:ed@setbuild, mode:PICK
2026-04-28 21:25:18, EXEC, v:1, k:ed@setbuild, mode:FULL, size:136, fail:COMP
2026-04-28 21:29:41, MOVE, v:1, k:ed@setbuild, mode:EDIT
2026-04-28 21:35:10, MOVE, v:1, k:ed@setbuild, mode:EDIT
2026-04-28 21:36:02, EXEC, v:1, k:ed@setbuild, mode:FULL, size:149, fail:COMP
2026-04-28 21:38:31, EXEC, v:1, k:ed@setbuild, mode:FULL, rate:33, size:152
2026-04-28 21:38:28, MOVE, v:1, k:ed@setbuild, mode:EDIT
2026-04-28 21:43:01, EXEC, v:1, k:ed@setbuild, mode:FULL, rate:33
2026-04-28 21:43:04, EXEC, v:1, k:ed@setbuild, mode:FREE
2026-04-28 21:48:12, MOVE, v:1, k:ed@setbuild, mode:EDIT
2026-04-28 21:55:04, EXEC, v:1, k:ed@setbuild, mode:FULL, rate:66, size:153
2026-04-28 21:53:08, MOVE, v:1, k:ed@setbuild, mode:EDIT
2026-04-28 21:57:09, EXEC, v:1, k:ed@setbuild, mode:FULL, rate:66, size:162
2026-04-28 21:59:17, EXEC, v:1, k:ed@setbuild, mode:FULL, rate:100, size:167
2026-04-28 21:59:19, MOVE, v:1, k:ed@setbuild, mode:BACK
2026-04-28 22:00:14, SELF, v:1, k:ed@setbuild, self:1, rate:100, study:117, debug:1
2026-04-28 21:59:15, MOVE, v:1, k:ed@setbuild, mode:EDIT
2026-04-28 22:02:01, SELF, v:1, k:ed@triangulo, self:1, study:30, concept:1, code:1
2026-04-28 22:02:29, SELF, v:1, k:ed@princesa, self:1, concept:1, code:1, debug:1
