2026-04-13 16:41:25, MOVE, v:1, k:eval1@apagando, mode:DOWN
2026-04-13 16:41:27, MOVE, v:1, k:eval1@apagando, mode:PICK
2026-04-13 16:41:25, MOVE, v:1, k:eval1@apagando, mode:EDIT
2026-04-13 16:41:25, MOVE, v:1, k:eval1@apagando, mode:EDIT
2026-04-13 16:44:47, MOVE, v:1, k:eval1@apagando, mode:EDIT
2026-04-13 16:50:05, MOVE, v:1, k:eval1@apagando, mode:EDIT
2026-04-13 16:55:40, MOVE, v:1, k:eval1@apagando, mode:EDIT
2026-04-13 17:00:12, EXEC, v:1, k:eval1@apagando, mode:FULL, size:33, fail:COMP
2026-04-13 17:00:48, MOVE, v:1, k:eval1@apagando, mode:EDIT
2026-04-13 17:02:48, MOVE, v:1, k:eval1@apagando, mode:BACK
2026-04-13 17:02:46, MOVE, v:1, k:eval1@apagando, mode:EDIT
2026-04-13 17:07:44, MOVE, v:1, k:eval1@apagando, mode:PICK
2026-04-13 17:07:46, EXEC, v:1, k:eval1@apagando, mode:FULL, rate:0, size:40
2026-04-13 17:10:00, EXEC, v:1, k:eval1@apagando, mode:FULL, rate:0, size:41
2026-04-13 17:10:27, MOVE, v:1, k:eval1@apagando, mode:BACK
2026-04-13 17:09:54, MOVE, v:1, k:eval1@apagando, mode:EDIT
2026-04-13 17:10:51, MOVE, v:1, k:eval1@triangulo, mode:DOWN
2026-04-13 17:10:51, MOVE, v:1, k:eval1@triangulo, mode:PICK
2026-04-13 17:10:51, MOVE, v:1, k:eval1@triangulo, mode:EDIT
2026-04-13 17:10:51, MOVE, v:1, k:eval1@triangulo, mode:EDIT
2026-04-13 17:15:46, MOVE, v:1, k:eval1@triangulo, mode:EDIT
2026-04-13 17:20:32, MOVE, v:1, k:eval1@triangulo, mode:EDIT
2026-04-13 17:20:53, MOVE, v:1, k:eval1@triangulo, mode:BACK
2026-04-13 17:21:03, MOVE, v:1, k:eval1@queimada, mode:DOWN
2026-04-13 17:21:04, MOVE, v:1, k:eval1@queimada, mode:PICK
2026-04-13 17:22:55, MOVE, v:1, k:eval1@queimada, mode:BACK
2026-04-13 17:22:58, MOVE, v:1, k:eval1@apagando, mode:DOWN
2026-04-13 17:22:59, MOVE, v:1, k:eval1@apagando, mode:DOWN
