2026-03-28 15:14:19, MOVE, v:1, k:ed@baruel, mode:PICK
2026-03-28 15:21:32, MOVE, v:1, k:ed@baruel, mode:BACK
2026-03-28 15:27:34, MOVE, v:1, k:ed@baruel, mode:PICK
2026-03-28 15:44:37, EXEC, v:1, k:ed@baruel, mode:FULL, rate:100, size:103
2026-03-28 15:44:46, EXEC, v:1, k:ed@baruel, mode:FULL, size:103, fail:COMP
2026-03-28 15:45:25, EXEC, v:1, k:ed@baruel, mode:FULL, fail:COMP
2026-03-28 15:46:06, MOVE, v:1, k:ed@baruel, mode:BACK
2026-03-28 15:46:09, MOVE, v:1, k:ed@baruel, mode:PICK
2026-03-28 15:46:13, EXEC, v:1, k:ed@baruel, mode:FULL, size:143, fail:COMP
2026-03-28 15:51:59, MOVE, v:1, k:ed@baruel, mode:BACK
2026-03-28 15:55:16, MOVE, v:1, k:ed@baruel, mode:PICK
2026-03-28 15:55:18, EXEC, v:1, k:ed@baruel, mode:FULL, size:119, fail:COMP
2026-03-28 15:57:01, EXEC, v:1, k:ed@baruel, mode:FULL, rate:100, size:65
2026-03-28 15:57:02, MOVE, v:1, k:ed@baruel, mode:BACK
2026-03-28 15:57:44, SELF, v:1, k:ed@baruel, self:1, rate:100, study:110, concept:1, debug:1
2026-03-28 15:58:04, SELF, v:1, k:ed@baruel, self:1, rate:100, study:110, concept:1, debug:1
2026-03-28 15:59:53, MOVE, v:1, k:ed@baruel, mode:PICK
2026-03-28 16:00:15, EXEC, v:1, k:ed@baruel, mode:FULL, rate:0, size:54
2026-03-28 16:05:19, EXEC, v:1, k:ed@baruel, mode:FULL, size:56, fail:COMP
2026-03-28 16:05:46, EXEC, v:1, k:ed@baruel, mode:FULL, rate:0, size:57
2026-03-28 16:05:59, EXEC, v:1, k:ed@baruel, mode:FULL, rate:0, size:57
2026-03-28 16:06:38, EXEC, v:1, k:ed@baruel, mode:FULL, rate:0, size:58
2026-03-28 16:07:57, EXEC, v:1, k:ed@baruel, mode:FULL, rate:0, size:59
2026-03-28 16:10:06, EXEC, v:1, k:ed@baruel, mode:FULL, rate:0, size:52
2026-03-28 16:11:18, EXEC, v:1, k:ed@baruel, mode:FULL, rate:0, size:55
2026-03-28 16:12:55, EXEC, v:1, k:ed@baruel, mode:FULL, rate:25, size:62
2026-03-28 16:14:03, EXEC, v:1, k:ed@baruel, mode:FULL, rate:100, size:62
2026-03-28 16:14:10, MOVE, v:1, k:ed@baruel, mode:BACK
2026-03-28 16:14:52, SELF, v:1, k:ed@baruel, self:1, rate:100, study:110, concept:1, debug:1
