2026-04-24 09:03:28, MOVE, v:1, k:ed@vetbuild, mode:PICK
2026-04-24 09:07:06, MOVE, v:1, k:ed@vetbuild, mode:EDIT
2026-04-24 09:11:43, EXEC, v:1, k:ed@vetbuild, mode:FULL, size:200, fail:COMP
2026-04-24 09:12:02, MOVE, v:1, k:ed@vetbuild, mode:EDIT
2026-04-24 09:14:43, EXEC, v:1, k:ed@vetbuild, mode:FULL, size:202, fail:COMP
2026-04-24 09:15:00, EXEC, v:1, k:ed@vetbuild, mode:FULL, rate:36, size:202
2026-04-24 09:17:19, MOVE, v:1, k:ed@vetbuild, mode:EDIT
2026-04-24 09:19:06, EXEC, v:1, k:ed@vetbuild, mode:FULL, rate:45, size:206
2026-04-24 09:20:14, EXEC, v:1, k:ed@vetbuild, mode:FULL, rate:45, size:206
2026-04-24 09:20:28, EXEC, v:1, k:ed@vetbuild, mode:FULL, rate:45, size:206
2026-04-24 09:22:27, EXEC, v:1, k:ed@vetbuild, mode:FULL, rate:45, size:206
2026-04-24 09:22:09, MOVE, v:1, k:ed@vetbuild, mode:EDIT
2026-04-24 09:24:34, EXEC, v:1, k:ed@vetbuild, mode:FULL, rate:45, size:207
2026-04-24 09:24:32, MOVE, v:1, k:ed@vetbuild, mode:EDIT
2026-04-24 09:28:08, EXEC, v:1, k:ed@vetbuild, mode:FULL, rate:45, size:205
2026-04-24 09:28:36, EXEC, v:1, k:ed@vetbuild, mode:FULL, rate:45, size:205
2026-04-24 09:28:49, EXEC, v:1, k:ed@vetbuild, mode:FULL, rate:54, size:205
2026-04-24 09:31:16, MOVE, v:1, k:ed@vetbuild, mode:EDIT
2026-04-24 09:37:39, MOVE, v:1, k:ed@vetbuild, mode:EDIT
2026-04-24 09:40:32, MOVE, v:1, k:ed@vetbuild, mode:EDIT
2026-04-24 09:59:15, EXEC, v:1, k:ed@vetbuild, mode:FULL, rate:72, size:224
2026-04-24 09:59:27, MOVE, v:1, k:ed@vetbuild, mode:BACK
2026-04-24 09:59:46, MOVE, v:1, k:ed@vetbuild, mode:PICK
2026-04-24 10:04:05, EXEC, v:1, k:ed@vetbuild, mode:FULL, rate:72
2026-04-24 10:07:53, EXEC, v:1, k:ed@vetbuild, mode:FULL, rate:72, size:236
2026-04-24 10:09:21, EXEC, v:1, k:ed@vetbuild, mode:FULL, rate:72, size:236
2026-04-24 10:09:16, MOVE, v:1, k:ed@vetbuild, mode:EDIT
2026-04-24 10:09:43, EXEC, v:1, k:ed@vetbuild, mode:FULL, rate:72, size:235
2026-04-24 10:10:01, EXEC, v:1, k:ed@vetbuild, mode:FULL, rate:72, size:236
2026-04-24 10:11:46, EXEC, v:1, k:ed@vetbuild, mode:FULL, rate:72, size:236
2026-04-24 10:12:02, EXEC, v:1, k:ed@vetbuild, mode:FULL, rate:72, size:236
2026-04-24 10:12:10, EXEC, v:1, k:ed@vetbuild, mode:FULL, rate:81, size:236
2026-04-24 10:12:09, MOVE, v:1, k:ed@vetbuild, mode:EDIT
2026-04-24 10:17:34, MOVE, v:1, k:ed@vetbuild, mode:BACK
