2026-03-25 14:25:52, MOVE, v:1, k:ed@manipulacao, mode:PICK
2026-03-25 14:25:53, EXEC, v:1, k:ed@manipulacao, mode:FULL, rate:71
2026-03-25 14:27:07, EXEC, v:1, k:ed@manipulacao, mode:FULL, rate:85, size:153
2026-03-25 14:33:46, EXEC, v:1, k:ed@manipulacao, mode:FULL, rate:100, size:153
2026-03-25 14:33:49, MOVE, v:1, k:ed@manipulacao, mode:BACK
2026-03-25 14:34:31, SELF, v:1, k:ed@manipulacao, self:1, rate:100, study:115, concept:1, debug:1
2026-03-25 14:37:18, MOVE, v:1, k:ed@fuga, mode:PICK
2026-03-25 14:42:49, EXEC, v:1, k:ed@fuga, mode:FULL, rate:0, size:18
2026-03-25 14:43:13, EXEC, v:1, k:ed@fuga, mode:FULL, rate:20, size:18
2026-03-25 14:44:24, EXEC, v:1, k:ed@fuga, mode:FULL, rate:20, size:25
2026-03-25 14:46:47, EXEC, v:1, k:ed@fuga, mode:FULL, rate:100, size:31
2026-03-25 14:47:39, EXEC, v:1, k:ed@fuga, mode:FULL, rate:0, size:34
2026-03-25 14:49:46, EXEC, v:1, k:ed@fuga, mode:FULL, rate:0, size:34
2026-03-25 14:51:40, EXEC, v:1, k:ed@fuga, mode:FULL, rate:20, size:34
2026-03-25 14:51:51, EXEC, v:1, k:ed@fuga, mode:FULL, rate:20, size:35
2026-03-25 14:52:15, EXEC, v:1, k:ed@fuga, mode:FULL, rate:100, size:33
2026-03-25 14:52:20, MOVE, v:1, k:ed@fuga, mode:BACK
2026-03-25 14:52:36, SELF, v:1, k:ed@fuga, self:1, rate:100, study:17, concept:1
2026-03-25 14:53:12, SELF, v:1, k:ed@fuga, self:1, rate:100, study:19
2026-03-25 14:53:16, MOVE, v:1, k:ed@pedra, mode:PICK
2026-03-25 15:10:22, EXEC, v:1, k:ed@pedra, mode:FULL, rate:100, size:49
2026-03-25 15:14:20, MOVE, v:1, k:ed@pedra, mode:BACK
2026-03-25 15:44:07, MOVE, v:1, k:ed@casais, mode:PICK
2026-03-25 15:44:13, MOVE, v:1, k:ed@casais, mode:BACK
2026-03-25 15:46:55, MOVE, v:1, k:ed@casais, mode:PICK
2026-03-25 16:10:15, EXEC, v:1, k:ed@casais, mode:FULL, rate:0, size:36
2026-03-25 16:11:37, EXEC, v:1, k:ed@casais, mode:FULL, rate:0, size:36
2026-03-25 16:12:00, EXEC, v:1, k:ed@casais, mode:FULL, rate:0, size:36
2026-03-25 16:12:11, EXEC, v:1, k:ed@casais, mode:FULL, rate:100, size:36
2026-03-25 16:12:12, MOVE, v:1, k:ed@casais, mode:BACK
2026-03-25 17:31:04, MOVE, v:1, k:ed@gomos, mode:PICK
