2026-04-03 16:51:21, MOVE, v:1, k:ed@mdc, mode:DOWN
2026-04-03 16:51:23, MOVE, v:1, k:ed@mdc, mode:PICK
2026-04-03 16:56:12, MOVE, v:1, k:ed@mdc, mode:BACK
2026-04-03 16:56:15, MOVE, v:1, k:ed@mdc, mode:PICK
2026-04-03 16:56:23, EXEC, v:1, k:ed@mdc, mode:FULL, size:20, fail:COMP
2026-04-03 16:56:25, MOVE, v:1, k:ed@mdc, mode:BACK
2026-04-03 16:56:29, MOVE, v:1, k:ed@mdc, mode:PICK
2026-04-03 16:56:30, EXEC, v:1, k:ed@mdc, mode:FULL, fail:COMP
2026-04-03 16:56:30, MOVE, v:1, k:ed@mdc, mode:BACK
2026-04-03 16:56:31, MOVE, v:1, k:ed@mdc, mode:PICK
2026-04-03 16:56:42, EXEC, v:1, k:ed@mdc, mode:FULL, rate:0, size:20
2026-04-03 17:00:16, EXEC, v:1, k:ed@mdc, mode:FULL, rate:0, size:25
2026-04-03 17:01:14, EXEC, v:1, k:ed@mdc, mode:FULL, rate:0, size:27
2026-04-03 17:01:54, EXEC, v:1, k:ed@mdc, mode:FULL, size:27, fail:COMP
2026-04-03 17:02:17, EXEC, v:1, k:ed@mdc, mode:FULL, rate:0, size:28
2026-04-03 17:03:02, MOVE, v:1, k:ed@mdc, mode:PICK
2026-04-03 17:10:56, MOVE, v:1, k:ed@mdc, mode:BACK
2026-04-03 17:10:58, MOVE, v:1, k:ed@mdc, mode:PICK
2026-04-03 17:10:59, EXEC, v:1, k:ed@mdc, mode:FULL, size:19, fail:COMP
2026-04-03 17:11:00, MOVE, v:1, k:ed@mdc, mode:BACK
2026-04-03 17:11:06, MOVE, v:1, k:ed@mdc, mode:PICK
2026-04-03 17:11:37, EXEC, v:1, k:ed@mdc, mode:FULL, rate:0, size:19
2026-04-03 17:11:59, MOVE, v:1, k:ed@mdc, mode:BACK
2026-04-03 17:12:15, MOVE, v:1, k:ed@mdc, mode:PICK
2026-04-03 17:13:12, EXEC, v:1, k:ed@mdc, mode:FULL, rate:0, size:19
2026-04-03 17:13:15, MOVE, v:1, k:ed@mdc, mode:BACK
2026-04-03 17:13:20, MOVE, v:1, k:ed@mdc, mode:PICK
2026-04-03 17:14:38, EXEC, v:1, k:ed@mdc, mode:FULL, rate:20, size:22
2026-04-03 17:17:47, MOVE, v:1, k:ed@mdc, mode:BACK
2026-04-03 17:18:10, MOVE, v:1, k:ed@mdc, mode:PICK
2026-04-03 17:18:24, EXEC, v:1, k:ed@mdc, mode:FULL, rate:20
2026-04-03 17:21:50, MOVE, v:1, k:ed@mdc, mode:BACK
2026-04-03 17:21:52, MOVE, v:1, k:ed@mdc, mode:PICK
2026-04-03 17:21:54, EXEC, v:1, k:ed@mdc, mode:FULL, rate:20
2026-04-03 17:21:54, MOVE, v:1, k:ed@mdc, mode:BACK
2026-04-03 17:22:04, MOVE, v:1, k:ed@mdc, mode:PICK
2026-04-03 17:22:07, EXEC, v:1, k:ed@mdc, mode:FULL, rate:0, size:22
2026-04-03 17:22:42, EXEC, v:1, k:ed@mdc, mode:FULL, rate:100, size:22
2026-04-03 17:22:47, MOVE, v:1, k:ed@mdc, mode:BACK
2026-04-03 17:23:06, SELF, v:1, k:ed@mdc, self:1, rate:100, study:35, concept:1, debug:1
2026-04-03 17:23:28, SELF, v:1, k:ed@mdc, self:1, rate:100, study:35, concept:1, code:1
2026-04-03 17:23:50, SELF, v:1, k:ed@resto, self:1, rate:100, study:49, guided:1, concept:1, refactor:1
2026-04-03 17:27:56, MOVE, v:1, k:ed@eh_primo, mode:DOWN
2026-04-03 17:27:56, MOVE, v:1, k:ed@eh_primo, mode:PICK
2026-04-03 17:30:53, EXEC, v:1, k:ed@eh_primo, mode:FULL, rate:0, size:23
2026-04-03 17:32:09, EXEC, v:1, k:ed@eh_primo, mode:FULL, rate:33, size:26
2026-04-03 17:35:24, EXEC, v:1, k:ed@eh_primo, mode:FULL, rate:22, size:26
2026-04-03 17:37:15, EXEC, v:1, k:ed@eh_primo, mode:FULL, rate:66, size:27
2026-04-03 17:38:29, MOVE, v:1, k:ed@eh_primo, mode:BACK
2026-04-03 17:38:33, MOVE, v:1, k:ed@eh_primo, mode:PICK
