2026-04-01 10:41:48, MOVE, v:1, k:ed@treinando, mode:PICK
2026-04-01 10:41:57, EXEC, v:1, k:ed@treinando, mode:FULL, rate:16
2026-04-01 10:43:47, EXEC, v:1, k:ed@treinando, mode:FULL, rate:16, size:106
2026-04-01 10:44:08, EXEC, v:1, k:ed@treinando, mode:FULL, rate:16, size:106
2026-04-01 10:50:24, EXEC, v:1, k:ed@treinando, mode:FULL, rate:33, size:101
2026-04-01 10:57:44, EXEC, v:1, k:ed@treinando, mode:FULL, rate:33, size:112
2026-04-01 11:00:48, MOVE, v:1, k:ed@treinando, mode:BACK
2026-04-01 11:50:25, MOVE, v:1, k:ed@treinando, mode:PICK
2026-04-01 11:51:04, EXEC, v:1, k:ed@treinando, mode:FULL, size:70, fail:COMP
2026-04-01 11:52:52, EXEC, v:1, k:ed@treinando, mode:FULL, rate:33, size:106
2026-04-01 11:59:27, EXEC, v:1, k:ed@treinando, mode:FULL, rate:50, size:114
2026-04-01 12:01:05, EXEC, v:1, k:ed@treinando, mode:FULL, rate:66, size:114
2026-04-01 12:03:17, MOVE, v:1, k:ed@treinando, mode:BACK
2026-04-01 12:05:25, SELF, v:1, k:ed@treinando, self:1, rate:66, problem:1, code:1
2026-04-01 12:30:57, MOVE, v:1, k:ed@treinando, mode:PICK
2026-04-01 12:30:59, EXEC, v:1, k:ed@treinando, mode:FULL, size:119, fail:COMP
2026-04-01 12:31:00, MOVE, v:1, k:ed@treinando, mode:BACK
2026-04-01 13:16:22, MOVE, v:1, k:ed@treinando, mode:PICK
2026-04-01 13:16:23, EXEC, v:1, k:ed@treinando, mode:FULL, rate:66, size:123
2026-04-01 19:15:06, MOVE, v:1, k:ed@treinando, mode:PICK
2026-04-01 19:15:07, EXEC, v:1, k:ed@treinando, mode:FULL, rate:66
2026-04-01 19:15:14, MOVE, v:1, k:ed@treinando, mode:BACK
