2026-03-21 16:09:38, MOVE, v:1, k:ed@princesa, mode:PICK
2026-03-21 16:24:28, MOVE, v:1, k:ed@princesa, mode:BACK
2026-03-21 16:32:49, MOVE, v:1, k:ed@princesa, mode:PICK
2026-03-21 16:32:50, MOVE, v:1, k:ed@princesa, mode:BACK
2026-03-21 16:33:00, MOVE, v:1, k:ed@princesa, mode:PICK
2026-03-21 16:33:01, MOVE, v:1, k:ed@princesa, mode:BACK
2026-03-21 16:33:03, MOVE, v:1, k:ed@princesa, mode:PICK
2026-03-21 16:59:10, EXEC, v:1, k:ed@princesa, mode:FULL, rate:0, size:5
2026-03-21 17:14:47, MOVE, v:1, k:ed@princesa, mode:BACK
2026-03-21 17:14:49, MOVE, v:1, k:ed@princesa, mode:PICK
2026-03-21 17:17:39, EXEC, v:1, k:ed@princesa, mode:FULL, size:30, fail:COMP
2026-03-21 17:18:12, EXEC, v:1, k:ed@princesa, mode:FULL, rate:0, size:29
2026-03-21 17:22:38, MOVE, v:1, k:ed@princesa, mode:BACK
2026-03-21 17:22:40, MOVE, v:1, k:ed@princesa, mode:PICK
2026-03-21 17:27:08, EXEC, v:1, k:ed@princesa, mode:FULL, rate:0, size:39
2026-03-21 17:29:36, EXEC, v:1, k:ed@princesa, mode:FULL, rate:0, size:40
2026-03-21 17:30:51, EXEC, v:1, k:ed@princesa, mode:FULL, rate:0, size:40
2026-03-21 17:31:26, MOVE, v:1, k:ed@princesa, mode:BACK
2026-03-21 19:30:28, MOVE, v:1, k:ed@princesa, mode:PICK
2026-03-21 19:30:29, EXEC, v:1, k:ed@princesa, mode:FULL, rate:0
2026-03-21 19:30:52, EXEC, v:1, k:ed@princesa, mode:FULL, rate:0, size:41
2026-03-21 19:31:19, EXEC, v:1, k:ed@princesa, mode:FULL, rate:0, size:41
2026-03-21 19:31:28, EXEC, v:1, k:ed@princesa, mode:FULL, rate:0, size:41
2026-03-21 19:33:04, EXEC, v:1, k:ed@princesa, mode:FULL, rate:0, size:42
2026-03-21 19:33:35, EXEC, v:1, k:ed@princesa, mode:FULL, rate:0, size:42
2026-03-21 19:35:28, EXEC, v:1, k:ed@princesa, mode:FULL, rate:100, size:56
2026-03-21 19:37:06, MOVE, v:1, k:ed@princesa, mode:BACK
2026-03-21 19:39:14, SELF, v:1, k:ed@princesa, self:1, rate:100, study:90, concept:1, code:1
2026-03-21 19:57:18, MOVE, v:1, k:ed@princesa, mode:PICK
2026-03-21 20:05:48, MOVE, v:1, k:ed@princesa, mode:BACK
2026-03-21 20:09:24, SELF, v:1, k:ed@princesa, self:1, rate:100, study:120, concept:1, code:1
