2026-04-07 09:01:19, SELF, v:1, k:ed@manipulacao, self:1, rate:100, study:180, concept:1, debug:1
2026-04-07 09:01:54, SELF, v:1, k:ed@triangulo, self:1, study:40, concept:1, code:1
2026-04-07 09:02:08, SELF, v:1, k:ed@triangulo, self:1, study:40, concept:1, code:1
2026-04-07 09:02:45, MOVE, v:1, k:ed@vetequals, mode:DOWN
2026-04-07 09:02:47, MOVE, v:1, k:ed@vetequals, mode:PICK
2026-04-07 09:03:14, EXEC, v:1, k:ed@vetequals, mode:FULL, rate:70, size:49
2026-04-07 09:07:47, MOVE, v:1, k:ed@vetequals, mode:BACK
2026-04-07 09:08:35, MOVE, v:1, k:ed@vetequals, mode:PICK
2026-04-07 09:13:01, EXEC, v:1, k:ed@vetequals, mode:FULL, rate:70, size:54
2026-04-07 09:15:47, EXEC, v:1, k:ed@vetequals, mode:FULL, rate:20, size:54
2026-04-07 09:16:18, EXEC, v:1, k:ed@vetequals, mode:FULL, rate:30, size:54
2026-04-07 09:16:43, EXEC, v:1, k:ed@vetequals, mode:FULL, rate:30, size:57
2026-04-07 09:17:47, EXEC, v:1, k:ed@vetequals, mode:FULL, rate:80, size:58
2026-04-07 09:19:42, EXEC, v:1, k:ed@vetequals, mode:FULL, rate:20, size:57
2026-04-07 09:20:39, EXEC, v:1, k:ed@vetequals, mode:FULL, rate:20, size:55
2026-04-07 09:21:11, EXEC, v:1, k:ed@vetequals, mode:FULL, rate:20, size:58
2026-04-07 09:23:21, EXEC, v:1, k:ed@vetequals, mode:FULL, rate:20, size:58
2026-04-07 09:25:36, EXEC, v:1, k:ed@vetequals, mode:FULL, rate:20, size:57
2026-04-07 09:26:25, EXEC, v:1, k:ed@vetequals, mode:FULL, size:59, fail:COMP
2026-04-07 09:26:34, EXEC, v:1, k:ed@vetequals, mode:FULL, rate:20, size:59
2026-04-07 09:32:33, EXEC, v:1, k:ed@vetequals, mode:FULL, rate:50, size:65
2026-04-07 09:33:00, EXEC, v:1, k:ed@vetequals, mode:FULL, rate:100, size:65
2026-04-07 09:33:26, MOVE, v:1, k:ed@vetequals, mode:BACK
2026-04-07 09:33:44, SELF, v:1, k:ed@vetequals, self:1, rate:100, study:43, concept:1
2026-04-07 09:36:30, MOVE, v:1, k:ed@vetequals, mode:PICK
2026-04-07 09:36:34, EXEC, v:1, k:ed@vetequals, mode:FULL, rate:100
2026-04-07 10:20:21, MOVE, v:1, k:ed@vetequals, mode:BACK
2026-04-07 10:20:25, MOVE, v:1, k:ed@vetequals, mode:PICK
2026-04-07 10:20:26, MOVE, v:1, k:ed@vetequals, mode:BACK
2026-04-07 10:20:39, SELF, v:1, k:ed@vetequals, self:1, rate:100, study:43, concept:1
2026-04-07 10:32:02, SELF, v:1, k:ed@vetequals, self:1, rate:100, study:40, concept:1
2026-04-07 10:32:03, MOVE, v:1, k:ed@vetequals, mode:PICK
2026-04-07 10:32:05, EXEC, v:1, k:ed@vetequals, mode:FULL, rate:100, size:65
2026-04-07 10:32:25, MOVE, v:1, k:ed@vetequals, mode:BACK
2026-04-07 15:38:16, SELF, v:1, k:ed@triangulo, self:1, study:30, concept:1, code:1
2026-04-07 15:58:04, MOVE, v:1, k:ed@fractais_png, mode:PICK
2026-04-07 15:58:28, MOVE, v:1, k:ed@fractais_png, mode:BACK
2026-04-07 15:59:37, MOVE, v:1, k:ed@fractais_png, mode:PICK
2026-04-07 15:59:39, EXEC, v:1, k:ed@fractais_png, mode:LOCK, rate:0, size:136
2026-04-07 16:00:45, MOVE, v:1, k:ed@fractais_png, mode:BACK
2026-04-07 16:00:56, MOVE, v:1, k:ed@fractais_png, mode:PICK
2026-04-07 16:00:57, EXEC, v:1, k:ed@fractais_png, mode:LOCK, rate:0, size:136
2026-04-07 16:11:55, EXEC, v:1, k:ed@fractais_png, mode:LOCK, rate:0, size:138
2026-04-07 16:12:22, MOVE, v:1, k:ed@fractais_png, mode:BACK
2026-04-07 16:12:24, MOVE, v:1, k:ed@fractais_png, mode:PICK
2026-04-07 16:12:24, MOVE, v:1, k:ed@fractais_png, mode:BACK
2026-04-07 16:12:45, MOVE, v:1, k:ed@fractais_png, mode:PICK
2026-04-07 16:12:47, MOVE, v:1, k:ed@fractais_png, mode:BACK
2026-04-07 16:12:48, MOVE, v:1, k:ed@fractais_png, mode:PICK
2026-04-07 16:12:49, EXEC, v:1, k:ed@fractais_png, mode:LOCK, rate:0
2026-04-07 16:14:42, EXEC, v:1, k:ed@fractais_png, mode:LOCK, rate:0, size:138
2026-04-07 16:15:44, EXEC, v:1, k:ed@fractais_png, mode:LOCK, rate:0, size:127
2026-04-07 16:16:16, EXEC, v:1, k:ed@fractais_png, mode:LOCK, rate:0, size:128
2026-04-07 16:17:04, EXEC, v:1, k:ed@fractais_png, mode:LOCK, rate:0, size:129
2026-04-07 16:17:26, EXEC, v:1, k:ed@fractais_png, mode:LOCK, rate:0, size:129
2026-04-07 16:18:40, EXEC, v:1, k:ed@fractais_png, mode:LOCK, rate:0, size:129
2026-04-07 16:23:47, EXEC, v:1, k:ed@fractais_png, mode:LOCK, rate:0, size:129
2026-04-07 16:24:18, EXEC, v:1, k:ed@fractais_png, mode:LOCK, rate:0, size:129
2026-04-07 16:24:30, EXEC, v:1, k:ed@fractais_png, mode:LOCK, rate:0, size:129
2026-04-07 16:24:40, EXEC, v:1, k:ed@fractais_png, mode:LOCK, rate:0, size:129
2026-04-07 16:25:08, EXEC, v:1, k:ed@fractais_png, mode:LOCK, rate:0, size:129
2026-04-07 16:26:45, EXEC, v:1, k:ed@fractais_png, mode:LOCK, rate:0, size:129
2026-04-07 16:28:12, EXEC, v:1, k:ed@fractais_png, mode:LOCK, rate:0, size:130
2026-04-07 16:28:25, MOVE, v:1, k:ed@fractais_png, mode:PICK
2026-04-07 16:28:27, EXEC, v:1, k:ed@fractais_png, mode:LOCK, rate:0
2026-04-07 16:28:50, EXEC, v:1, k:ed@fractais_png, mode:LOCK, rate:0, size:130
2026-04-07 16:29:00, EXEC, v:1, k:ed@fractais_png, mode:LOCK, rate:0, size:131
2026-04-07 16:29:39, EXEC, v:1, k:ed@fractais_png, mode:LOCK, rate:0, size:131
2026-04-07 16:30:23, EXEC, v:1, k:ed@fractais_png, mode:LOCK, rate:0, size:131
2026-04-07 16:30:35, EXEC, v:1, k:ed@fractais_png, mode:LOCK, rate:0, size:131
2026-04-07 16:31:03, EXEC, v:1, k:ed@fractais_png, mode:LOCK, rate:0, size:130
2026-04-07 16:31:12, EXEC, v:1, k:ed@fractais_png, mode:LOCK, rate:0, size:130
2026-04-07 16:31:19, EXEC, v:1, k:ed@fractais_png, mode:LOCK, rate:0, size:130
2026-04-07 16:31:27, EXEC, v:1, k:ed@fractais_png, mode:LOCK, rate:0, size:130
2026-04-07 16:31:34, EXEC, v:1, k:ed@fractais_png, mode:LOCK, rate:0, size:130
2026-04-07 16:31:59, EXEC, v:1, k:ed@fractais_png, mode:LOCK, rate:0, size:131
2026-04-07 16:33:03, EXEC, v:1, k:ed@fractais_png, mode:LOCK, rate:0, size:127
2026-04-07 16:33:10, EXEC, v:1, k:ed@fractais_png, mode:LOCK, rate:0, size:127
2026-04-07 16:33:24, EXEC, v:1, k:ed@fractais_png, mode:LOCK, rate:0, size:127
2026-04-07 16:33:47, EXEC, v:1, k:ed@fractais_png, mode:LOCK, rate:0, size:127
2026-04-07 16:34:15, EXEC, v:1, k:ed@fractais_png, mode:LOCK, rate:0, size:127
2026-04-07 16:34:24, EXEC, v:1, k:ed@fractais_png, mode:LOCK, rate:0, size:127
2026-04-07 16:34:51, EXEC, v:1, k:ed@fractais_png, mode:LOCK, rate:0, size:127
2026-04-07 16:34:57, EXEC, v:1, k:ed@fractais_png, mode:LOCK, rate:0, size:127
2026-04-07 16:35:24, EXEC, v:1, k:ed@fractais_png, mode:LOCK, rate:0, size:128
2026-04-07 16:35:36, EXEC, v:1, k:ed@fractais_png, mode:LOCK, rate:0, size:129
2026-04-07 16:35:42, EXEC, v:1, k:ed@fractais_png, mode:LOCK, rate:0, size:129
2026-04-07 16:36:33, EXEC, v:1, k:ed@fractais_png, mode:LOCK, rate:0, size:130
2026-04-07 16:37:54, EXEC, v:1, k:ed@fractais_png, mode:LOCK, rate:0, size:130
2026-04-07 16:39:09, EXEC, v:1, k:ed@fractais_png, mode:LOCK, rate:0, size:129
2026-04-07 16:39:14, EXEC, v:1, k:ed@fractais_png, mode:LOCK, rate:0
2026-04-07 16:41:40, EXEC, v:1, k:ed@fractais_png, mode:LOCK, rate:0, size:138
2026-04-07 16:42:41, EXEC, v:1, k:ed@fractais_png, mode:LOCK, rate:0, size:142
2026-04-07 16:43:04, EXEC, v:1, k:ed@fractais_png, mode:LOCK, rate:0, size:144
2026-04-07 16:48:00, EXEC, v:1, k:ed@fractais_png, mode:LOCK, rate:0
2026-04-07 16:48:07, MOVE, v:1, k:ed@fractais_png, mode:BACK
2026-04-07 16:48:09, MOVE, v:1, k:ed@fractais_png, mode:PICK
2026-04-07 16:48:16, EXEC, v:1, k:ed@fractais_png, mode:LOCK, rate:0
2026-04-07 16:50:36, EXEC, v:1, k:ed@fractais_png, mode:LOCK, rate:0, size:144
2026-04-07 16:50:43, EXEC, v:1, k:ed@fractais_png, mode:LOCK, rate:0, size:144
2026-04-07 16:50:49, EXEC, v:1, k:ed@fractais_png, mode:LOCK, rate:0, size:144
2026-04-07 16:50:56, EXEC, v:1, k:ed@fractais_png, mode:LOCK, rate:0, size:144
2026-04-07 16:51:02, EXEC, v:1, k:ed@fractais_png, mode:LOCK, rate:0, size:144
2026-04-07 16:51:08, EXEC, v:1, k:ed@fractais_png, mode:LOCK, rate:0, size:144
2026-04-07 16:51:15, EXEC, v:1, k:ed@fractais_png, mode:LOCK, rate:0, size:144
2026-04-07 16:51:38, EXEC, v:1, k:ed@fractais_png, mode:LOCK, rate:0, size:144
2026-04-07 16:51:45, EXEC, v:1, k:ed@fractais_png, mode:LOCK, rate:0, size:144
2026-04-07 16:52:05, EXEC, v:1, k:ed@fractais_png, mode:LOCK, rate:0, size:144
2026-04-07 17:06:10, MOVE, v:1, k:ed@fractais_png, mode:BACK
