2026-04-11 16:41:54, MOVE, v:1, k:ed@diagonal, mode:DOWN
2026-04-11 16:41:55, MOVE, v:1, k:ed@diagonal, mode:PICK
2026-04-11 16:41:54, MOVE, v:1, k:ed@diagonal, mode:EDIT
2026-04-11 16:41:54, MOVE, v:1, k:ed@diagonal, mode:EDIT
2026-04-11 16:44:09, MOVE, v:1, k:ed@diagonal, mode:EDIT
2026-04-11 16:49:07, EXEC, v:1, k:ed@diagonal, mode:FULL, size:15, fail:COMP
2026-04-11 16:49:22, MOVE, v:1, k:ed@diagonal, mode:EDIT
2026-04-11 16:51:19, EXEC, v:1, k:ed@diagonal, mode:FULL, rate:0, size:17
2026-04-11 16:53:49, EXEC, v:1, k:ed@diagonal, mode:FULL, rate:0, size:19
2026-04-11 16:54:32, MOVE, v:1, k:ed@diagonal, mode:EDIT
2026-04-11 16:55:56, EXEC, v:1, k:ed@diagonal, mode:FULL, rate:0, size:18
2026-04-11 16:55:48, MOVE, v:1, k:ed@diagonal, mode:EDIT
2026-04-11 17:04:32, MOVE, v:1, k:ed@diagonal, mode:EDIT
2026-04-11 17:05:15, MOVE, v:1, k:ed@diagonal, mode:BACK
2026-04-11 17:06:46, MOVE, v:1, k:ed@diagonal, mode:PICK
2026-04-11 17:06:48, EXEC, v:1, k:ed@diagonal, mode:FULL, rate:0, size:23
2026-04-11 17:07:05, EXEC, v:1, k:ed@diagonal, mode:FULL, rate:0, size:23
2026-04-11 17:07:24, EXEC, v:1, k:ed@diagonal, mode:FULL, rate:0, size:23
2026-04-11 17:07:23, MOVE, v:1, k:ed@diagonal, mode:EDIT
2026-04-11 17:12:54, EXEC, v:1, k:ed@diagonal, mode:FULL, size:23, fail:COMP
2026-04-11 17:14:20, EXEC, v:1, k:ed@diagonal, mode:FULL, rate:0, size:23
2026-04-11 17:14:08, MOVE, v:1, k:ed@diagonal, mode:EDIT
2026-04-11 17:15:04, EXEC, v:1, k:ed@diagonal, mode:FULL, rate:0, size:23
2026-04-11 17:15:38, MOVE, v:1, k:ed@diagonal, mode:BACK
2026-04-11 17:15:41, MOVE, v:1, k:ed@diagonal, mode:PICK
2026-04-11 17:15:43, EXEC, v:1, k:ed@diagonal, mode:FULL, rate:0
2026-04-11 17:15:44, MOVE, v:1, k:ed@diagonal, mode:BACK
2026-04-11 17:15:44, MOVE, v:1, k:ed@diagonal, mode:PICK
2026-04-11 17:17:18, EXEC, v:1, k:ed@diagonal, mode:FULL, rate:0, size:23
2026-04-11 17:17:40, EXEC, v:1, k:ed@diagonal, mode:FULL, rate:0, size:23
2026-04-11 17:17:52, EXEC, v:1, k:ed@diagonal, mode:FULL, rate:0, size:23
2026-04-11 17:18:01, MOVE, v:1, k:ed@diagonal, mode:EDIT
2026-04-11 17:24:13, MOVE, v:1, k:ed@diagonal, mode:BACK
2026-04-11 17:24:15, MOVE, v:1, k:ed@diagonal, mode:PICK
2026-04-11 17:24:17, EXEC, v:1, k:ed@diagonal, mode:FULL, rate:0, size:24
2026-04-11 17:24:17, MOVE, v:1, k:ed@diagonal, mode:BACK
2026-04-11 17:24:18, MOVE, v:1, k:ed@diagonal, mode:PICK
2026-04-11 17:24:33, MOVE, v:1, k:ed@diagonal, mode:EDIT
2026-04-11 17:28:37, EXEC, v:1, k:ed@diagonal, mode:FULL, rate:0, size:30
2026-04-11 17:28:54, MOVE, v:1, k:ed@diagonal, mode:BACK
2026-04-11 17:28:58, MOVE, v:1, k:ed@diagonal, mode:PICK
2026-04-11 17:28:49, MOVE, v:1, k:ed@diagonal, mode:EDIT
2026-04-11 17:34:54, EXEC, v:1, k:ed@diagonal, mode:FULL, rate:0, size:30
2026-04-11 17:36:29, EXEC, v:1, k:ed@diagonal, mode:FULL, rate:0, size:30
2026-04-11 17:36:35, EXEC, v:1, k:ed@diagonal, mode:FULL, rate:0, size:30
2026-04-11 17:36:44, EXEC, v:1, k:ed@diagonal, mode:FULL, rate:0
2026-04-11 17:36:56, EXEC, v:1, k:ed@diagonal, mode:FULL, rate:0, size:30
2026-04-11 17:37:29, EXEC, v:1, k:ed@diagonal, mode:FULL, rate:100, size:30
2026-04-11 17:37:34, MOVE, v:1, k:ed@diagonal, mode:BACK
2026-04-11 17:37:34, MOVE, v:1, k:ed@diagonal, mode:PICK
2026-04-11 17:37:35, MOVE, v:1, k:ed@diagonal, mode:BACK
2026-04-11 17:37:36, MOVE, v:1, k:ed@diagonal, mode:PICK
2026-04-11 17:37:58, EXEC, v:1, k:ed@diagonal, mode:FULL, rate:0, size:30
2026-04-11 17:37:57, MOVE, v:1, k:ed@diagonal, mode:EDIT
2026-04-11 17:43:55, EXEC, v:1, k:ed@diagonal, mode:FULL, rate:0
2026-04-11 17:44:02, EXEC, v:1, k:ed@diagonal, mode:FULL, rate:100, size:30
2026-04-11 17:44:03, MOVE, v:1, k:ed@diagonal, mode:BACK
2026-04-11 17:44:34, SELF, v:1, k:ed@diagonal, self:1, rate:100, study:70, concept:1, code:1
2026-04-11 17:44:00, MOVE, v:1, k:ed@diagonal, mode:EDIT
2026-04-11 17:45:02, MOVE, v:1, k:ed@sufixos, mode:DOWN
2026-04-11 17:45:02, MOVE, v:1, k:ed@sufixos, mode:PICK
2026-04-11 17:45:02, MOVE, v:1, k:ed@sufixos, mode:EDIT
2026-04-11 17:45:02, MOVE, v:1, k:ed@sufixos, mode:EDIT
2026-04-11 17:49:34, MOVE, v:1, k:ed@sufixos, mode:EDIT
2026-04-11 17:50:52, EXEC, v:1, k:ed@sufixos, mode:FULL, size:20, fail:COMP
2026-04-11 17:50:59, EXEC, v:1, k:ed@sufixos, mode:FULL, rate:0, size:20
2026-04-11 17:51:17, EXEC, v:1, k:ed@sufixos, mode:FULL, rate:0, size:20
2026-04-11 17:51:29, EXEC, v:1, k:ed@sufixos, mode:FULL, rate:0, size:20
2026-04-11 17:52:02, EXEC, v:1, k:ed@sufixos, mode:FULL, rate:0, size:20
2026-04-11 17:52:21, EXEC, v:1, k:ed@sufixos, mode:FULL, rate:0, size:20
2026-04-11 17:53:16, EXEC, v:1, k:ed@sufixos, mode:FULL, rate:0, size:20
2026-04-11 17:54:47, MOVE, v:1, k:ed@sufixos, mode:EDIT
2026-04-11 17:58:08, EXEC, v:1, k:ed@sufixos, mode:FULL, rate:0, size:28
2026-04-11 17:58:24, EXEC, v:1, k:ed@sufixos, mode:FULL, rate:0, size:28
2026-04-11 17:59:21, EXEC, v:1, k:ed@sufixos, mode:FULL, rate:0, size:28
2026-04-11 17:59:16, MOVE, v:1, k:ed@sufixos, mode:EDIT
2026-04-11 18:02:08, MOVE, v:1, k:ed@sufixos, mode:BACK
2026-04-11 18:02:12, MOVE, v:1, k:ed@sufixos, mode:PICK
2026-04-11 18:02:13, MOVE, v:1, k:ed@sufixos, mode:BACK
2026-04-11 18:02:14, MOVE, v:1, k:ed@sufixos, mode:PICK
2026-04-11 18:02:17, EXEC, v:1, k:ed@sufixos, mode:FULL, rate:0
2026-04-11 18:02:17, MOVE, v:1, k:ed@sufixos, mode:BACK
2026-04-11 18:02:24, MOVE, v:1, k:ed@sufixos, mode:PICK
2026-04-11 18:13:37, EXEC, v:1, k:ed@sufixos, mode:FULL, rate:0
2026-04-11 18:13:39, MOVE, v:1, k:ed@sufixos, mode:BACK
2026-04-11 18:13:43, MOVE, v:1, k:ed@sufixos, mode:PICK
2026-04-11 18:17:08, MOVE, v:1, k:ed@sufixos, mode:BACK
2026-04-11 18:49:28, MOVE, v:1, k:ed@sufixos, mode:PICK
2026-04-11 18:51:00, EXEC, v:1, k:ed@sufixos, mode:FULL, rate:0
2026-04-11 18:53:20, EXEC, v:1, k:ed@sufixos, mode:FULL, rate:0, size:28
2026-04-11 18:53:11, MOVE, v:1, k:ed@sufixos, mode:EDIT
2026-04-11 19:00:42, MOVE, v:1, k:ed@sufixos, mode:BACK
2026-04-11 19:00:47, MOVE, v:1, k:ed@sufixos, mode:PICK
2026-04-11 19:00:51, EXEC, v:1, k:ed@sufixos, mode:FULL, rate:0
2026-04-11 19:00:51, MOVE, v:1, k:ed@sufixos, mode:BACK
2026-04-11 19:00:55, MOVE, v:1, k:ed@sufixos, mode:PICK
2026-04-11 19:04:15, MOVE, v:1, k:ed@sufixos, mode:EDIT
2026-04-11 19:08:17, EXEC, v:1, k:ed@sufixos, mode:FULL, size:31, fail:COMP
2026-04-11 19:08:22, EXEC, v:1, k:ed@sufixos, mode:FULL, rate:0, size:31
2026-04-11 19:08:37, EXEC, v:1, k:ed@sufixos, mode:FULL, rate:0, size:32
2026-04-11 19:09:16, MOVE, v:1, k:ed@sufixos, mode:EDIT
2026-04-11 19:09:24, EXEC, v:1, k:ed@sufixos, mode:FULL, rate:0, size:32
2026-04-11 19:09:50, EXEC, v:1, k:ed@sufixos, mode:FULL, rate:100, size:32
2026-04-11 19:10:02, MOVE, v:1, k:ed@sufixos, mode:BACK
2026-04-11 19:10:22, SELF, v:1, k:ed@sufixos, self:1, rate:100, study:80, concept:1, code:1
