2026-03-24 09:04:23, MOVE, v:1, k:ed@manipulacao, mode:PICK
2026-03-24 09:05:08, MOVE, v:1, k:ed@manipulacao, mode:BACK
2026-03-24 09:05:22, MOVE, v:1, k:ed@apagando, mode:PICK
2026-03-24 09:08:05, MOVE, v:1, k:ed@apagando, mode:BACK
2026-03-24 09:08:16, MOVE, v:1, k:ed@manipulacao, mode:PICK
2026-03-24 09:54:09, MOVE, v:1, k:ed@manipulacao, mode:BACK
2026-03-24 09:56:37, MOVE, v:1, k:ed@fuga, mode:PICK
2026-03-24 09:57:11, MOVE, v:1, k:ed@fuga, mode:BACK
2026-03-24 15:22:46, MOVE, v:1, k:ed@manipulacao, mode:PICK
2026-03-24 15:23:08, MOVE, v:1, k:ed@manipulacao, mode:BACK
2026-03-24 15:24:34, MOVE, v:1, k:ed@manipulacao, mode:PICK
2026-03-24 15:24:46, MOVE, v:1, k:ed@manipulacao, mode:BACK
2026-03-24 15:25:00, MOVE, v:1, k:ed@manipulacao, mode:PICK
2026-03-24 15:25:35, MOVE, v:1, k:ed@manipulacao, mode:BACK
2026-03-24 15:36:54, MOVE, v:1, k:ed@apagando, mode:PICK
2026-03-24 15:39:27, MOVE, v:1, k:ed@apagando, mode:BACK
2026-03-24 15:39:34, MOVE, v:1, k:ed@manipulacao, mode:PICK
2026-03-24 15:39:37, EXEC, v:1, k:ed@manipulacao, mode:FULL, size:162, fail:COMP
2026-03-24 15:39:40, MOVE, v:1, k:ed@manipulacao, mode:BACK
2026-03-24 15:39:41, MOVE, v:1, k:ed@manipulacao, mode:PICK
2026-03-24 15:39:54, EXEC, v:1, k:ed@manipulacao, mode:FULL, fail:COMP
2026-03-24 15:40:38, EXEC, v:1, k:ed@manipulacao, mode:FULL, rate:71, size:153
2026-03-24 15:45:43, MOVE, v:1, k:ed@manipulacao, mode:BACK
